2026-02-11 19:29:46,566 - INFO - Data imported successfully from: ./predict_customer_churn/data/bank_data.csv
2026-02-11 19:29:46,566 - INFO - Dataframe head:
   Unnamed: 0  CLIENTNUM  ... Total_Ct_Chng_Q4_Q1  Avg_Utilization_Ratio
0           0  768805383  ...               1.625                  0.061
1           1  818770008  ...               3.714                  0.105
2           2  713982108  ...               2.333                  0.000
3           3  769911858  ...               2.333                  0.760
4           4  709106358  ...               2.500                  0.000

[5 rows x 22 columns]
2026-02-11 19:29:46,580 - INFO - Dataframe shape:
(10127, 22)
2026-02-11 19:29:46,583 - INFO - Missing values:
Unnamed: 0                  0
CLIENTNUM                   0
Attrition_Flag              0
Customer_Age                0
Gender                      0
Dependent_count             0
Education_Level             0
Marital_Status              0
Income_Category             0
Card_Category               0
Months_on_book              0
Total_Relationship_Count    0
Months_Inactive_12_mon      0
Contacts_Count_12_mon       0
Credit_Limit                0
Total_Revolving_Bal         0
Avg_Open_To_Buy             0
Total_Amt_Chng_Q4_Q1        0
Total_Trans_Amt             0
Total_Trans_Ct              0
Total_Ct_Chng_Q4_Q1         0
Avg_Utilization_Ratio       0
dtype: int64
2026-02-11 19:29:46,603 - INFO - Dataframe description:
         Unnamed: 0     CLIENTNUM  ...  Total_Ct_Chng_Q4_Q1  Avg_Utilization_Ratio
count  10127.000000  1.012700e+04  ...         10127.000000           10127.000000
mean    5063.000000  7.391776e+08  ...             0.712222               0.274894
std     2923.557422  3.690378e+07  ...             0.238086               0.275691
min        0.000000  7.080821e+08  ...             0.000000               0.000000
25%     2531.500000  7.130368e+08  ...             0.582000               0.023000
50%     5063.000000  7.179264e+08  ...             0.702000               0.176000
75%     7594.500000  7.731435e+08  ...             0.818000               0.503000
max    10126.000000  8.283431e+08  ...             3.714000               0.999000

[8 rows x 16 columns]
2026-02-11 19:29:46,613 - INFO - Attrition_flag
2026-02-11 19:29:46,614 - INFO - 0        Existing Customer
1        Existing Customer
2        Existing Customer
3        Existing Customer
4        Existing Customer
               ...        
10122    Existing Customer
10123    Attrited Customer
10124    Attrited Customer
10125    Attrited Customer
10126    Attrited Customer
Name: Attrition_Flag, Length: 10127, dtype: object
2026-02-11 19:29:46,617 - INFO - Attrition_flag
2026-02-11 19:29:46,617 - INFO - 0        Existing Customer
1        Existing Customer
2        Existing Customer
3        Existing Customer
4        Existing Customer
               ...        
10122    Existing Customer
10123    Attrited Customer
10124    Attrited Customer
10125    Attrited Customer
10126    Attrited Customer
Name: Attrition_Flag, Length: 10127, dtype: object
2026-02-11 19:29:57,864 - INFO - logistic_regression results
2026-02-11 19:29:57,864 - INFO - test results
2026-02-11 19:29:57,870 - INFO -               precision    recall  f1-score   support

           0       0.92      0.96      0.94      2579
           1       0.71      0.52      0.60       460

    accuracy                           0.90      3039
   macro avg       0.81      0.74      0.77      3039
weighted avg       0.89      0.90      0.89      3039

2026-02-11 19:29:57,870 - INFO - train results
2026-02-11 19:29:57,961 - INFO -               precision    recall  f1-score   support

           0       0.91      0.96      0.94      5921
           1       0.75      0.54      0.63      1167

    accuracy                           0.89      7088
   macro avg       0.83      0.75      0.78      7088
weighted avg       0.89      0.89      0.89      7088

2026-02-11 19:30:40,760 - INFO - random_forest results
2026-02-11 19:30:40,760 - INFO - test results
2026-02-11 19:30:40,766 - INFO -               precision    recall  f1-score   support

           0       0.97      0.99      0.98      2579
           1       0.91      0.82      0.86       460

    accuracy                           0.96      3039
   macro avg       0.94      0.90      0.92      3039
weighted avg       0.96      0.96      0.96      3039

2026-02-11 19:30:40,767 - INFO - train results
2026-02-11 19:30:40,773 - INFO -               precision    recall  f1-score   support

           0       1.00      1.00      1.00      5921
           1       1.00      1.00      1.00      1167

    accuracy                           1.00      7088
   macro avg       1.00      1.00      1.00      7088
weighted avg       1.00      1.00      1.00      7088

2026-02-11 19:34:07,345 - INFO - Data imported successfully from: ./predict_customer_churn/data/bank_data.csv
2026-02-11 19:34:07,345 - INFO - Dataframe head:
   Unnamed: 0  CLIENTNUM  ... Total_Ct_Chng_Q4_Q1  Avg_Utilization_Ratio
0           0  768805383  ...               1.625                  0.061
1           1  818770008  ...               3.714                  0.105
2           2  713982108  ...               2.333                  0.000
3           3  769911858  ...               2.333                  0.760
4           4  709106358  ...               2.500                  0.000

[5 rows x 22 columns]
2026-02-11 19:34:07,360 - INFO - Dataframe shape:
(10127, 22)
2026-02-11 19:34:07,363 - INFO - Missing values:
Unnamed: 0                  0
CLIENTNUM                   0
Attrition_Flag              0
Customer_Age                0
Gender                      0
Dependent_count             0
Education_Level             0
Marital_Status              0
Income_Category             0
Card_Category               0
Months_on_book              0
Total_Relationship_Count    0
Months_Inactive_12_mon      0
Contacts_Count_12_mon       0
Credit_Limit                0
Total_Revolving_Bal         0
Avg_Open_To_Buy             0
Total_Amt_Chng_Q4_Q1        0
Total_Trans_Amt             0
Total_Trans_Ct              0
Total_Ct_Chng_Q4_Q1         0
Avg_Utilization_Ratio       0
dtype: int64
2026-02-11 19:34:07,386 - INFO - Dataframe description:
         Unnamed: 0     CLIENTNUM  ...  Total_Ct_Chng_Q4_Q1  Avg_Utilization_Ratio
count  10127.000000  1.012700e+04  ...         10127.000000           10127.000000
mean    5063.000000  7.391776e+08  ...             0.712222               0.274894
std     2923.557422  3.690378e+07  ...             0.238086               0.275691
min        0.000000  7.080821e+08  ...             0.000000               0.000000
25%     2531.500000  7.130368e+08  ...             0.582000               0.023000
50%     5063.000000  7.179264e+08  ...             0.702000               0.176000
75%     7594.500000  7.731435e+08  ...             0.818000               0.503000
max    10126.000000  8.283431e+08  ...             3.714000               0.999000

[8 rows x 16 columns]
2026-02-11 19:34:07,397 - INFO - Attrition_flag
2026-02-11 19:34:07,397 - INFO - 0        Existing Customer
1        Existing Customer
2        Existing Customer
3        Existing Customer
4        Existing Customer
               ...        
10122    Existing Customer
10123    Attrited Customer
10124    Attrited Customer
10125    Attrited Customer
10126    Attrited Customer
Name: Attrition_Flag, Length: 10127, dtype: object
2026-02-11 19:34:07,400 - INFO - Attrition_flag
2026-02-11 19:34:07,400 - INFO - 0        Existing Customer
1        Existing Customer
2        Existing Customer
3        Existing Customer
4        Existing Customer
               ...        
10122    Existing Customer
10123    Attrited Customer
10124    Attrited Customer
10125    Attrited Customer
10126    Attrited Customer
Name: Attrition_Flag, Length: 10127, dtype: object
2026-02-11 19:34:18,069 - INFO - logistic_regression results
2026-02-11 19:34:18,069 - INFO - test results
2026-02-11 19:34:18,160 - INFO -               precision    recall  f1-score   support

           0       0.92      0.96      0.94      2579
           1       0.71      0.52      0.60       460

    accuracy                           0.90      3039
   macro avg       0.81      0.74      0.77      3039
weighted avg       0.89      0.90      0.89      3039

2026-02-11 19:34:18,160 - INFO - train results
2026-02-11 19:34:18,169 - INFO -               precision    recall  f1-score   support

           0       0.91      0.96      0.94      5921
           1       0.75      0.54      0.63      1167

    accuracy                           0.89      7088
   macro avg       0.83      0.75      0.78      7088
weighted avg       0.89      0.89      0.89      7088

2026-02-11 19:35:37,855 - INFO - random_forest results
2026-02-11 19:35:37,855 - INFO - test results
2026-02-11 19:35:37,863 - INFO -               precision    recall  f1-score   support

           0       0.97      0.99      0.98      2579
           1       0.91      0.82      0.86       460

    accuracy                           0.96      3039
   macro avg       0.94      0.90      0.92      3039
weighted avg       0.96      0.96      0.96      3039

2026-02-11 19:35:37,864 - INFO - train results
2026-02-11 19:35:37,871 - INFO -               precision    recall  f1-score   support

           0       1.00      1.00      1.00      5921
           1       1.00      1.00      1.00      1167

    accuracy                           1.00      7088
   macro avg       1.00      1.00      1.00      7088
weighted avg       1.00      1.00      1.00      7088

2026-02-11 19:42:51,737 - INFO - Data imported successfully from: ./predict_customer_churn/data/bank_data.csv
2026-02-11 19:42:51,737 - INFO - Dataframe head:
   Unnamed: 0  CLIENTNUM  ... Total_Ct_Chng_Q4_Q1  Avg_Utilization_Ratio
0           0  768805383  ...               1.625                  0.061
1           1  818770008  ...               3.714                  0.105
2           2  713982108  ...               2.333                  0.000
3           3  769911858  ...               2.333                  0.760
4           4  709106358  ...               2.500                  0.000

[5 rows x 22 columns]
2026-02-11 19:42:51,752 - INFO - Dataframe shape:
(10127, 22)
2026-02-11 19:42:51,755 - INFO - Missing values:
Unnamed: 0                  0
CLIENTNUM                   0
Attrition_Flag              0
Customer_Age                0
Gender                      0
Dependent_count             0
Education_Level             0
Marital_Status              0
Income_Category             0
Card_Category               0
Months_on_book              0
Total_Relationship_Count    0
Months_Inactive_12_mon      0
Contacts_Count_12_mon       0
Credit_Limit                0
Total_Revolving_Bal         0
Avg_Open_To_Buy             0
Total_Amt_Chng_Q4_Q1        0
Total_Trans_Amt             0
Total_Trans_Ct              0
Total_Ct_Chng_Q4_Q1         0
Avg_Utilization_Ratio       0
dtype: int64
2026-02-11 19:42:51,773 - INFO - Dataframe description:
         Unnamed: 0     CLIENTNUM  ...  Total_Ct_Chng_Q4_Q1  Avg_Utilization_Ratio
count  10127.000000  1.012700e+04  ...         10127.000000           10127.000000
mean    5063.000000  7.391776e+08  ...             0.712222               0.274894
std     2923.557422  3.690378e+07  ...             0.238086               0.275691
min        0.000000  7.080821e+08  ...             0.000000               0.000000
25%     2531.500000  7.130368e+08  ...             0.582000               0.023000
50%     5063.000000  7.179264e+08  ...             0.702000               0.176000
75%     7594.500000  7.731435e+08  ...             0.818000               0.503000
max    10126.000000  8.283431e+08  ...             3.714000               0.999000

[8 rows x 16 columns]
2026-02-11 19:42:51,784 - INFO - Attrition_flag
2026-02-11 19:42:51,784 - INFO - 0        Existing Customer
1        Existing Customer
2        Existing Customer
3        Existing Customer
4        Existing Customer
               ...        
10122    Existing Customer
10123    Attrited Customer
10124    Attrited Customer
10125    Attrited Customer
10126    Attrited Customer
Name: Attrition_Flag, Length: 10127, dtype: object
2026-02-11 19:42:51,787 - INFO - Attrition_flag
2026-02-11 19:42:51,787 - INFO - 0        Existing Customer
1        Existing Customer
2        Existing Customer
3        Existing Customer
4        Existing Customer
               ...        
10122    Existing Customer
10123    Attrited Customer
10124    Attrited Customer
10125    Attrited Customer
10126    Attrited Customer
Name: Attrition_Flag, Length: 10127, dtype: object
2026-02-11 19:43:03,366 - INFO - logistic_regression results
2026-02-11 19:43:03,366 - INFO - test results
2026-02-11 19:43:03,457 - INFO -               precision    recall  f1-score   support

           0       0.92      0.96      0.94      2579
           1       0.71      0.52      0.60       460

    accuracy                           0.90      3039
   macro avg       0.81      0.74      0.77      3039
weighted avg       0.89      0.90      0.89      3039

2026-02-11 19:43:03,457 - INFO - train results
2026-02-11 19:43:03,466 - INFO -               precision    recall  f1-score   support

           0       0.91      0.96      0.94      5921
           1       0.75      0.54      0.63      1167

    accuracy                           0.89      7088
   macro avg       0.83      0.75      0.78      7088
weighted avg       0.89      0.89      0.89      7088

2026-02-11 19:44:25,886 - INFO - random_forest results
2026-02-11 19:44:25,886 - INFO - test results
2026-02-11 19:44:25,893 - INFO -               precision    recall  f1-score   support

           0       0.97      0.99      0.98      2579
           1       0.91      0.82      0.86       460

    accuracy                           0.96      3039
   macro avg       0.94      0.90      0.92      3039
weighted avg       0.96      0.96      0.96      3039

2026-02-11 19:44:25,893 - INFO - train results
2026-02-11 19:44:25,899 - INFO -               precision    recall  f1-score   support

           0       1.00      1.00      1.00      5921
           1       1.00      1.00      1.00      1167

    accuracy                           1.00      7088
   macro avg       1.00      1.00      1.00      7088
weighted avg       1.00      1.00      1.00      7088

